<?xml version="1.0" encoding="UTF-8"?>
<!-- Generated by org.testng.reporters.JUnitReportReporter -->
<testsuite hostname="LAPTOP-S18PCNMB" failures="0" tests="4" name="test.testcases.loginScenario" time="8.705" errors="0" timestamp="2023-05-23T11:19:20 PST" skipped="0">
  <testcase classname="test.testcases.loginScenario" name="tc2" time="1.741"/>
  <system-out/>
  <testcase classname="test.testcases.loginScenario" name="tc3" time="3.582"/>
  <system-out/>
  <testcase classname="test.testcases.loginScenario" name="tc4" time="2.585"/>
  <system-out/>
  <testcase classname="test.testcases.loginScenario" name="tc1" time="0.797"/>
  <system-out/>
</testsuite> <!-- test.testcases.loginScenario -->
