<?xml version="1.0" encoding="UTF-8"?>
<!-- Generated by org.testng.reporters.JUnitReportReporter -->
<testsuite hostname="LAPTOP-S18PCNMB" failures="0" tests="1" name="test.testcases.searchScenario" time="4.190" errors="0" timestamp="2023-05-23T19:42:07 PST" skipped="0">
  <testcase classname="test.testcases.searchScenario" name="tc1" time="4.190"/>
  <system-out/>
</testsuite> <!-- test.testcases.searchScenario -->
