<?xml version="1.0" encoding="UTF-8"?>
<!-- Generated by org.testng.reporters.JUnitReportReporter -->
<testsuite hostname="LAPTOP-S18PCNMB" failures="0" tests="4" name="test.testcases.loginScenario" time="7.373" errors="0" timestamp="2023-05-23T19:42:07 PST" skipped="0">
  <testcase classname="test.testcases.loginScenario" name="tc4" time="2.479"/>
  <system-out/>
  <testcase classname="test.testcases.loginScenario" name="tc3" time="2.789"/>
  <system-out/>
  <testcase classname="test.testcases.loginScenario" name="tc1" time="0.736"/>
  <system-out/>
  <testcase classname="test.testcases.loginScenario" name="tc2" time="1.369"/>
  <system-out/>
</testsuite> <!-- test.testcases.loginScenario -->
